2025-11-13 09:09:21,947 - INFO - The Data loaded Successfully
2025-11-13 09:09:21,947 - INFO - We have: 1025 Rows and 14 Columns
2025-11-13 09:09:21,950 - INFO - Missing values:
age         0
sex         0
cp          0
trestbps    0
chol        0
fbs         0
restecg     0
thalach     0
exang       0
oldpeak     0
slope       0
ca          0
thal        0
target      0
dtype: int64
2025-11-13 09:09:21,956 - INFO - training sample 820,820  testing sample   205,205
2025-11-13 09:09:21,986 - WARNING -  * Debugger is active!
2025-11-13 09:09:22,004 - INFO -  * Debugger PIN: 725-724-987
2025-11-13 09:09:22,217 - INFO - 127.0.0.1 - - [13/Nov/2025 09:09:22] "GET / HTTP/1.1" 200 -
2025-11-13 09:09:22,463 - INFO - 127.0.0.1 - - [13/Nov/2025 09:09:22] "[36mGET /static/style.css HTTP/1.1[0m" 304 -
2025-11-13 09:10:07,100 - INFO - ==============KNN algorithm================
2025-11-13 09:10:07,115 - INFO - train accuracy : 99.63414634146342
2025-11-13 09:10:07,124 - INFO - test accuracy : 95.60975609756098
2025-11-13 09:10:07,226 - INFO - ==============Logistic Regression================
2025-11-13 09:10:07,231 - INFO - train accuracy : 86.58536585365853
2025-11-13 09:10:07,237 - INFO - test accuracy : 78.53658536585367
2025-11-13 09:10:07,264 - INFO - ==============Naive bayes================
2025-11-13 09:10:07,270 - INFO - train accuracy : 83.90243902439025
2025-11-13 09:10:07,275 - INFO - test accuracy : 80.0
2025-11-13 09:10:07,318 - INFO - ==============Decision Tree================
2025-11-13 09:10:07,324 - INFO - train accuracy : 100.0
2025-11-13 09:10:07,329 - INFO - test accuracy : 98.53658536585365
2025-11-13 09:10:07,392 - INFO - ==============Random_forest================
2025-11-13 09:10:07,400 - INFO - train accuracy : 100.0
2025-11-13 09:10:07,406 - INFO - test accuracy : 98.53658536585365
2025-11-13 09:10:07,960 - INFO - ==============adaboost================
2025-11-13 09:10:07,967 - INFO - train accuracy : 84.26829268292683
2025-11-13 09:10:07,975 - INFO - test accuracy : 74.63414634146342
2025-11-13 09:10:08,048 - INFO - ==============GradientBoosting================
2025-11-13 09:10:08,055 - INFO - train accuracy : 89.14634146341463
2025-11-13 09:10:08,061 - INFO - test accuracy : 79.51219512195122
2025-11-13 09:10:08,316 - INFO - ==============XGBoost================
2025-11-13 09:10:08,331 - INFO - train accuracy : 100.0
2025-11-13 09:10:08,341 - INFO - test accuracy : 98.53658536585365
2025-11-13 09:10:08,460 - INFO - ==============Support Vector Machine================
2025-11-13 09:10:08,639 - INFO - train accuracy : 72.3170731707317
2025-11-13 09:10:08,687 - INFO - test accuracy : 68.29268292682927
2025-11-13 09:10:08,755 - INFO - 127.0.0.1 - - [13/Nov/2025 09:10:08] "POST /predict HTTP/1.1" 200 -
2025-11-13 09:10:08,789 - INFO - 127.0.0.1 - - [13/Nov/2025 09:10:08] "[36mGET /static/style.css HTTP/1.1[0m" 304 -
2025-11-13 09:14:12,771 - INFO - ==============KNN algorithm================
2025-11-13 09:14:12,791 - INFO - train accuracy : 99.63414634146342
2025-11-13 09:14:12,803 - INFO - test accuracy : 95.60975609756098
2025-11-13 09:14:12,937 - INFO - ==============Logistic Regression================
2025-11-13 09:14:12,944 - INFO - train accuracy : 86.58536585365853
2025-11-13 09:14:12,951 - INFO - test accuracy : 78.53658536585367
2025-11-13 09:14:12,983 - INFO - ==============Naive bayes================
2025-11-13 09:14:12,988 - INFO - train accuracy : 83.90243902439025
2025-11-13 09:14:12,994 - INFO - test accuracy : 80.0
2025-11-13 09:14:13,036 - INFO - ==============Decision Tree================
2025-11-13 09:14:13,041 - INFO - train accuracy : 100.0
2025-11-13 09:14:13,047 - INFO - test accuracy : 98.53658536585365
2025-11-13 09:14:13,128 - INFO - ==============Random_forest================
2025-11-13 09:14:13,137 - INFO - train accuracy : 99.8780487804878
2025-11-13 09:14:13,146 - INFO - test accuracy : 97.5609756097561
2025-11-13 09:14:13,754 - INFO - ==============adaboost================
2025-11-13 09:14:13,764 - INFO - train accuracy : 84.26829268292683
2025-11-13 09:14:13,771 - INFO - test accuracy : 74.63414634146342
2025-11-13 09:14:13,864 - INFO - ==============GradientBoosting================
2025-11-13 09:14:13,873 - INFO - train accuracy : 89.14634146341463
2025-11-13 09:14:13,880 - INFO - test accuracy : 79.51219512195122
2025-11-13 09:14:14,106 - INFO - ==============XGBoost================
2025-11-13 09:14:14,118 - INFO - train accuracy : 100.0
2025-11-13 09:14:14,126 - INFO - test accuracy : 98.53658536585365
2025-11-13 09:14:14,248 - INFO - ==============Support Vector Machine================
2025-11-13 09:14:14,473 - INFO - train accuracy : 72.3170731707317
2025-11-13 09:14:14,528 - INFO - test accuracy : 68.29268292682927
2025-11-13 09:14:14,613 - INFO - 127.0.0.1 - - [13/Nov/2025 09:14:14] "POST /predict HTTP/1.1" 200 -
2025-11-13 09:14:14,686 - INFO - 127.0.0.1 - - [13/Nov/2025 09:14:14] "[36mGET /static/style.css HTTP/1.1[0m" 304 -
